[2024-05-14 22:12:09,653] [INFO] [akka.event.slf4j.Slf4jLogger] [HomeAutomation-akka.actor.default-dispatcher-3] [] - Slf4jLogger started
[2024-05-14 22:12:09,835] [INFO] [at.fhv.sysarch.lab2.homeautomation.devices.Blinds] [HomeAutomation-akka.actor.default-dispatcher-6] [akka://HomeAutomation/user/blinds] - Blinds started
[2024-05-14 22:12:09,835] [INFO] [at.fhv.sysarch.lab2.homeautomation.devices.AirCondition] [HomeAutomation-akka.actor.default-dispatcher-5] [akka://HomeAutomation/user/AirCondition] - AirCondition started
[2024-05-14 22:12:09,836] [INFO] [at.fhv.sysarch.lab2.homeautomation.devices.MediaStation] [HomeAutomation-akka.actor.default-dispatcher-6] [akka://HomeAutomation/user/mediaStation] - MediaStation started
[2024-05-14 22:12:09,856] [INFO] [at.fhv.sysarch.lab2.homeautomation.HomeAutomationController] [HomeAutomation-akka.actor.default-dispatcher-3] [akka://HomeAutomation/user] - HomeAutomation Application started
[2024-05-14 22:12:09,858] [INFO] [at.fhv.sysarch.lab2.homeautomation.ui.UI] [HomeAutomation-akka.actor.default-dispatcher-9] [akka://HomeAutomation/user/UI] - UI started
[2024-05-14 22:12:09,859] [INFO] [at.fhv.sysarch.lab2.homeautomation.devices.TemperatureSensor] [HomeAutomation-akka.actor.default-dispatcher-7] [akka://HomeAutomation/user/temperatureSensor] - TemperatureSensor started
[2024-05-14 22:12:09,859] [INFO] [at.fhv.sysarch.lab2.homeautomation.devices.Fridge] [HomeAutomation-akka.actor.default-dispatcher-8] [akka://HomeAutomation/user/Fridge] - Fridge started
[2024-05-14 22:12:09,859] [INFO] [at.fhv.sysarch.lab2.homeautomation.devices.WeatherSensor] [HomeAutomation-akka.actor.default-dispatcher-5] [akka://HomeAutomation/user/weatherSensor] - WeatherSensor started
[2024-05-14 22:12:09,860] [INFO] [at.fhv.sysarch.lab2.homeautomation.devices.SpaceSensor] [HomeAutomation-akka.actor.default-dispatcher-10] [akka://HomeAutomation/user/Fridge/SpaceSensor] - Space Sensor started
[2024-05-14 22:12:09,861] [INFO] [at.fhv.sysarch.lab2.homeautomation.devices.WeightSensor] [HomeAutomation-akka.actor.default-dispatcher-9] [akka://HomeAutomation/user/Fridge/WeightSensor] - Weight Sensor started
[2024-05-14 22:12:11,880] [DEBUG] [akka.actor.ActorCell] [HomeAutomation-akka.actor.default-dispatcher-9] [akka://HomeAutomation/user/Environment] - Environment received 16.167433977127075
[2024-05-14 22:12:13,867] [DEBUG] [akka.actor.ActorCell] [HomeAutomation-akka.actor.default-dispatcher-9] [akka://HomeAutomation/user/Environment] - Environment received 17.868204355239868
[2024-05-14 22:12:14,879] [INFO] [at.fhv.sysarch.lab2.homeautomation.devices.TemperatureSensor] [HomeAutomation-akka.actor.default-dispatcher-9] [akka://HomeAutomation/user/temperatureSensor] - TemperatureSensor received from Environment 17.868204355239868
[2024-05-14 22:12:14,879] [INFO] [at.fhv.sysarch.lab2.homeautomation.devices.WeatherSensor] [HomeAutomation-akka.actor.default-dispatcher-10] [akka://HomeAutomation/user/weatherSensor] - WeatherSensor: SUNNY
[2024-05-14 22:12:14,884] [INFO] [at.fhv.sysarch.lab2.homeautomation.devices.AirCondition] [HomeAutomation-akka.actor.default-dispatcher-9] [akka://HomeAutomation/user/AirCondition] - Aircondition reading 17.868204355239868
[2024-05-14 22:12:14,885] [INFO] [at.fhv.sysarch.lab2.homeautomation.devices.Blinds] [HomeAutomation-akka.actor.default-dispatcher-10] [akka://HomeAutomation/user/blinds] - Blinds got: SUNNY
[2024-05-14 22:12:14,885] [INFO] [at.fhv.sysarch.lab2.homeautomation.devices.Blinds] [HomeAutomation-akka.actor.default-dispatcher-10] [akka://HomeAutomation/user/blinds] - Blinds are closed? true
[2024-05-14 22:12:14,896] [DEBUG] [at.fhv.sysarch.lab2.homeautomation.devices.WeightSensor] [HomeAutomation-akka.actor.default-dispatcher-10] [akka://HomeAutomation/user/Fridge/WeightSensor] - Products in fridge weigh 0.0 kg
[2024-05-14 22:12:14,897] [DEBUG] [at.fhv.sysarch.lab2.homeautomation.devices.SpaceSensor] [HomeAutomation-akka.actor.default-dispatcher-9] [akka://HomeAutomation/user/Fridge/SpaceSensor] - Products are taking up 0 space in fridge
[2024-05-14 22:12:15,868] [DEBUG] [akka.actor.ActorCell] [HomeAutomation-akka.actor.default-dispatcher-9] [akka://HomeAutomation/user/Environment] - Environment received 17.51371657848358
[2024-05-14 22:12:17,854] [DEBUG] [akka.actor.ActorCell] [HomeAutomation-akka.actor.default-dispatcher-9] [akka://HomeAutomation/user/Environment] - Environment received 16.187388062477112
[2024-05-14 22:12:19,863] [DEBUG] [akka.actor.ActorCell] [HomeAutomation-akka.actor.default-dispatcher-9] [akka://HomeAutomation/user/Environment] - Environment Change Sun to RAINY
[2024-05-14 22:12:19,864] [DEBUG] [at.fhv.sysarch.lab2.homeautomation.devices.SpaceSensor] [HomeAutomation-akka.actor.default-dispatcher-10] [akka://HomeAutomation/user/Fridge/SpaceSensor] - Products are taking up 0 space in fridge
[2024-05-14 22:12:19,864] [DEBUG] [at.fhv.sysarch.lab2.homeautomation.devices.WeightSensor] [HomeAutomation-akka.actor.default-dispatcher-10] [akka://HomeAutomation/user/Fridge/WeightSensor] - Products in fridge weigh 0.0 kg
[2024-05-14 22:12:19,864] [DEBUG] [akka.actor.ActorCell] [HomeAutomation-akka.actor.default-dispatcher-9] [akka://HomeAutomation/user/Environment] - Environment received 16.563018918037415
[2024-05-14 22:12:19,864] [INFO] [at.fhv.sysarch.lab2.homeautomation.devices.WeatherSensor] [HomeAutomation-akka.actor.default-dispatcher-3] [akka://HomeAutomation/user/weatherSensor] - WeatherSensor: RAINY
[2024-05-14 22:12:19,865] [INFO] [at.fhv.sysarch.lab2.homeautomation.devices.TemperatureSensor] [HomeAutomation-akka.actor.default-dispatcher-9] [akka://HomeAutomation/user/temperatureSensor] - TemperatureSensor received from Environment 16.563018918037415
[2024-05-14 22:12:19,865] [INFO] [at.fhv.sysarch.lab2.homeautomation.devices.Blinds] [HomeAutomation-akka.actor.default-dispatcher-3] [akka://HomeAutomation/user/blinds] - Blinds got: RAINY
[2024-05-14 22:12:19,865] [INFO] [at.fhv.sysarch.lab2.homeautomation.devices.AirCondition] [HomeAutomation-akka.actor.default-dispatcher-9] [akka://HomeAutomation/user/AirCondition] - Aircondition reading 16.563018918037415
[2024-05-14 22:12:19,865] [INFO] [at.fhv.sysarch.lab2.homeautomation.devices.Blinds] [HomeAutomation-akka.actor.default-dispatcher-3] [akka://HomeAutomation/user/blinds] - Blinds are closed? false
[2024-05-14 22:12:21,863] [DEBUG] [akka.actor.ActorCell] [HomeAutomation-akka.actor.default-dispatcher-3] [akka://HomeAutomation/user/Environment] - Environment received 17.166661620140076
[2024-05-14 22:12:23,867] [DEBUG] [akka.actor.ActorCell] [HomeAutomation-akka.actor.default-dispatcher-3] [akka://HomeAutomation/user/Environment] - Environment received 16.968610405921936
[2024-05-14 22:12:24,869] [DEBUG] [at.fhv.sysarch.lab2.homeautomation.devices.SpaceSensor] [HomeAutomation-akka.actor.default-dispatcher-9] [akka://HomeAutomation/user/Fridge/SpaceSensor] - Products are taking up 0 space in fridge
[2024-05-14 22:12:24,870] [DEBUG] [at.fhv.sysarch.lab2.homeautomation.devices.WeightSensor] [HomeAutomation-akka.actor.default-dispatcher-9] [akka://HomeAutomation/user/Fridge/WeightSensor] - Products in fridge weigh 0.0 kg
[2024-05-14 22:12:24,871] [INFO] [at.fhv.sysarch.lab2.homeautomation.devices.WeatherSensor] [HomeAutomation-akka.actor.default-dispatcher-3] [akka://HomeAutomation/user/weatherSensor] - WeatherSensor: RAINY
[2024-05-14 22:12:24,872] [INFO] [at.fhv.sysarch.lab2.homeautomation.devices.Blinds] [HomeAutomation-akka.actor.default-dispatcher-7] [akka://HomeAutomation/user/blinds] - Blinds got: RAINY
[2024-05-14 22:12:24,872] [INFO] [at.fhv.sysarch.lab2.homeautomation.devices.Blinds] [HomeAutomation-akka.actor.default-dispatcher-7] [akka://HomeAutomation/user/blinds] - Blinds are closed? false
[2024-05-14 22:12:24,871] [INFO] [at.fhv.sysarch.lab2.homeautomation.devices.TemperatureSensor] [HomeAutomation-akka.actor.default-dispatcher-5] [akka://HomeAutomation/user/temperatureSensor] - TemperatureSensor received from Environment 16.968610405921936
[2024-05-14 22:12:24,873] [INFO] [at.fhv.sysarch.lab2.homeautomation.devices.AirCondition] [HomeAutomation-akka.actor.default-dispatcher-8] [akka://HomeAutomation/user/AirCondition] - Aircondition reading 16.968610405921936
[2024-05-14 22:12:25,853] [DEBUG] [akka.actor.ActorCell] [HomeAutomation-akka.actor.default-dispatcher-12] [akka://HomeAutomation/user/Environment] - Environment received 18.043744683265686
[2024-05-14 22:12:27,868] [DEBUG] [akka.actor.ActorCell] [HomeAutomation-akka.actor.default-dispatcher-12] [akka://HomeAutomation/user/Environment] - Environment received 19.155978322029114
[2024-05-14 22:12:29,854] [DEBUG] [at.fhv.sysarch.lab2.homeautomation.devices.SpaceSensor] [HomeAutomation-akka.actor.default-dispatcher-8] [akka://HomeAutomation/user/Fridge/SpaceSensor] - Products are taking up 0 space in fridge
[2024-05-14 22:12:29,854] [INFO] [at.fhv.sysarch.lab2.homeautomation.devices.WeatherSensor] [HomeAutomation-akka.actor.default-dispatcher-12] [akka://HomeAutomation/user/weatherSensor] - WeatherSensor: RAINY
[2024-05-14 22:12:29,854] [INFO] [at.fhv.sysarch.lab2.homeautomation.devices.Blinds] [HomeAutomation-akka.actor.default-dispatcher-12] [akka://HomeAutomation/user/blinds] - Blinds got: RAINY
[2024-05-14 22:12:29,855] [INFO] [at.fhv.sysarch.lab2.homeautomation.devices.Blinds] [HomeAutomation-akka.actor.default-dispatcher-12] [akka://HomeAutomation/user/blinds] - Blinds are closed? false
[2024-05-14 22:12:29,855] [INFO] [at.fhv.sysarch.lab2.homeautomation.devices.TemperatureSensor] [HomeAutomation-akka.actor.default-dispatcher-12] [akka://HomeAutomation/user/temperatureSensor] - TemperatureSensor received from Environment 19.155978322029114
[2024-05-14 22:12:29,855] [INFO] [at.fhv.sysarch.lab2.homeautomation.devices.AirCondition] [HomeAutomation-akka.actor.default-dispatcher-12] [akka://HomeAutomation/user/AirCondition] - Aircondition reading 19.155978322029114
[2024-05-14 22:12:29,855] [DEBUG] [akka.actor.ActorCell] [HomeAutomation-akka.actor.default-dispatcher-7] [akka://HomeAutomation/user/Environment] - Environment received 17.983612418174744
[2024-05-14 22:12:29,871] [DEBUG] [akka.actor.ActorCell] [HomeAutomation-akka.actor.default-dispatcher-7] [akka://HomeAutomation/user/Environment] - Environment Change Sun to CLOUDY
[2024-05-14 22:12:29,871] [DEBUG] [at.fhv.sysarch.lab2.homeautomation.devices.WeightSensor] [HomeAutomation-akka.actor.default-dispatcher-12] [akka://HomeAutomation/user/Fridge/WeightSensor] - Products in fridge weigh 0.0 kg
[2024-05-14 22:12:31,862] [DEBUG] [akka.actor.ActorCell] [HomeAutomation-akka.actor.default-dispatcher-12] [akka://HomeAutomation/user/Environment] - Environment received 16.38059914112091
[2024-05-14 22:12:33,861] [DEBUG] [akka.actor.ActorCell] [HomeAutomation-akka.actor.default-dispatcher-12] [akka://HomeAutomation/user/Environment] - Environment received 16.835107684135437
[2024-05-14 22:12:34,852] [DEBUG] [at.fhv.sysarch.lab2.homeautomation.devices.WeightSensor] [HomeAutomation-akka.actor.default-dispatcher-12] [akka://HomeAutomation/user/Fridge/WeightSensor] - Products in fridge weigh 0.0 kg
[2024-05-14 22:12:34,867] [DEBUG] [at.fhv.sysarch.lab2.homeautomation.devices.SpaceSensor] [HomeAutomation-akka.actor.default-dispatcher-5] [akka://HomeAutomation/user/Fridge/SpaceSensor] - Products are taking up 0 space in fridge
[2024-05-14 22:12:34,867] [INFO] [at.fhv.sysarch.lab2.homeautomation.devices.TemperatureSensor] [HomeAutomation-akka.actor.default-dispatcher-7] [akka://HomeAutomation/user/temperatureSensor] - TemperatureSensor received from Environment 16.835107684135437
[2024-05-14 22:12:34,867] [INFO] [at.fhv.sysarch.lab2.homeautomation.devices.WeatherSensor] [HomeAutomation-akka.actor.default-dispatcher-12] [akka://HomeAutomation/user/weatherSensor] - WeatherSensor: CLOUDY
[2024-05-14 22:12:34,868] [INFO] [at.fhv.sysarch.lab2.homeautomation.devices.Blinds] [HomeAutomation-akka.actor.default-dispatcher-7] [akka://HomeAutomation/user/blinds] - Blinds got: CLOUDY
[2024-05-14 22:12:34,868] [INFO] [at.fhv.sysarch.lab2.homeautomation.devices.AirCondition] [HomeAutomation-akka.actor.default-dispatcher-8] [akka://HomeAutomation/user/AirCondition] - Aircondition reading 16.835107684135437
[2024-05-14 22:12:34,869] [INFO] [at.fhv.sysarch.lab2.homeautomation.devices.Blinds] [HomeAutomation-akka.actor.default-dispatcher-7] [akka://HomeAutomation/user/blinds] - Blinds are closed? false
[2024-05-14 22:12:35,866] [DEBUG] [akka.actor.ActorCell] [HomeAutomation-akka.actor.default-dispatcher-7] [akka://HomeAutomation/user/Environment] - Environment received 15.46840226650238
[2024-05-14 22:12:37,860] [DEBUG] [akka.actor.ActorCell] [HomeAutomation-akka.actor.default-dispatcher-7] [akka://HomeAutomation/user/Environment] - Environment received 14.012483716011047
[2024-05-14 22:12:39,855] [DEBUG] [akka.actor.ActorCell] [HomeAutomation-akka.actor.default-dispatcher-7] [akka://HomeAutomation/user/Environment] - Environment Change Sun to STORMY
[2024-05-14 22:12:39,855] [DEBUG] [akka.actor.ActorCell] [HomeAutomation-akka.actor.default-dispatcher-7] [akka://HomeAutomation/user/Environment] - Environment received 15.563148379325867
[2024-05-14 22:12:39,857] [INFO] [at.fhv.sysarch.lab2.homeautomation.devices.TemperatureSensor] [HomeAutomation-akka.actor.default-dispatcher-7] [akka://HomeAutomation/user/temperatureSensor] - TemperatureSensor received from Environment 15.563148379325867
[2024-05-14 22:12:39,857] [INFO] [at.fhv.sysarch.lab2.homeautomation.devices.WeatherSensor] [HomeAutomation-akka.actor.default-dispatcher-12] [akka://HomeAutomation/user/weatherSensor] - WeatherSensor: STORMY
[2024-05-14 22:12:39,858] [INFO] [at.fhv.sysarch.lab2.homeautomation.devices.AirCondition] [HomeAutomation-akka.actor.default-dispatcher-7] [akka://HomeAutomation/user/AirCondition] - Aircondition reading 15.563148379325867
[2024-05-14 22:12:39,858] [INFO] [at.fhv.sysarch.lab2.homeautomation.devices.Blinds] [HomeAutomation-akka.actor.default-dispatcher-8] [akka://HomeAutomation/user/blinds] - Blinds got: STORMY
[2024-05-14 22:12:39,858] [INFO] [at.fhv.sysarch.lab2.homeautomation.devices.Blinds] [HomeAutomation-akka.actor.default-dispatcher-8] [akka://HomeAutomation/user/blinds] - Blinds are closed? false
[2024-05-14 22:12:39,871] [DEBUG] [at.fhv.sysarch.lab2.homeautomation.devices.WeightSensor] [HomeAutomation-akka.actor.default-dispatcher-7] [akka://HomeAutomation/user/Fridge/WeightSensor] - Products in fridge weigh 0.0 kg
[2024-05-14 22:12:39,871] [DEBUG] [at.fhv.sysarch.lab2.homeautomation.devices.SpaceSensor] [HomeAutomation-akka.actor.default-dispatcher-8] [akka://HomeAutomation/user/Fridge/SpaceSensor] - Products are taking up 0 space in fridge
[2024-05-14 22:12:41,851] [DEBUG] [akka.actor.ActorCell] [HomeAutomation-akka.actor.default-dispatcher-8] [akka://HomeAutomation/user/Environment] - Environment received 16.78584921360016
[2024-05-14 22:12:43,861] [DEBUG] [akka.actor.ActorCell] [HomeAutomation-akka.actor.default-dispatcher-8] [akka://HomeAutomation/user/Environment] - Environment received 17.761642336845398
[2024-05-14 22:12:44,857] [INFO] [at.fhv.sysarch.lab2.homeautomation.devices.WeatherSensor] [HomeAutomation-akka.actor.default-dispatcher-9] [akka://HomeAutomation/user/weatherSensor] - WeatherSensor: STORMY
[2024-05-14 22:12:44,857] [INFO] [at.fhv.sysarch.lab2.homeautomation.devices.TemperatureSensor] [HomeAutomation-akka.actor.default-dispatcher-7] [akka://HomeAutomation/user/temperatureSensor] - TemperatureSensor received from Environment 17.761642336845398
[2024-05-14 22:12:44,858] [INFO] [at.fhv.sysarch.lab2.homeautomation.devices.Blinds] [HomeAutomation-akka.actor.default-dispatcher-9] [akka://HomeAutomation/user/blinds] - Blinds got: STORMY
[2024-05-14 22:12:44,858] [INFO] [at.fhv.sysarch.lab2.homeautomation.devices.AirCondition] [HomeAutomation-akka.actor.default-dispatcher-7] [akka://HomeAutomation/user/AirCondition] - Aircondition reading 17.761642336845398
[2024-05-14 22:12:44,858] [INFO] [at.fhv.sysarch.lab2.homeautomation.devices.Blinds] [HomeAutomation-akka.actor.default-dispatcher-9] [akka://HomeAutomation/user/blinds] - Blinds are closed? false
[2024-05-14 22:12:44,861] [DEBUG] [at.fhv.sysarch.lab2.homeautomation.devices.WeightSensor] [HomeAutomation-akka.actor.default-dispatcher-9] [akka://HomeAutomation/user/Fridge/WeightSensor] - Products in fridge weigh 0.0 kg
[2024-05-14 22:12:44,861] [DEBUG] [at.fhv.sysarch.lab2.homeautomation.devices.SpaceSensor] [HomeAutomation-akka.actor.default-dispatcher-12] [akka://HomeAutomation/user/Fridge/SpaceSensor] - Products are taking up 0 space in fridge
[2024-05-14 22:12:45,861] [DEBUG] [akka.actor.ActorCell] [HomeAutomation-akka.actor.default-dispatcher-12] [akka://HomeAutomation/user/Environment] - Environment received 18.780823349952698
[2024-05-14 22:12:47,861] [DEBUG] [akka.actor.ActorCell] [HomeAutomation-akka.actor.default-dispatcher-12] [akka://HomeAutomation/user/Environment] - Environment received 17.448250651359558
[2024-05-14 22:12:49,858] [INFO] [at.fhv.sysarch.lab2.homeautomation.devices.TemperatureSensor] [HomeAutomation-akka.actor.default-dispatcher-12] [akka://HomeAutomation/user/temperatureSensor] - TemperatureSensor received from Environment 17.448250651359558
[2024-05-14 22:12:49,859] [INFO] [at.fhv.sysarch.lab2.homeautomation.devices.AirCondition] [HomeAutomation-akka.actor.default-dispatcher-12] [akka://HomeAutomation/user/AirCondition] - Aircondition reading 17.448250651359558
[2024-05-14 22:12:49,859] [INFO] [at.fhv.sysarch.lab2.homeautomation.devices.WeatherSensor] [HomeAutomation-akka.actor.default-dispatcher-9] [akka://HomeAutomation/user/weatherSensor] - WeatherSensor: STORMY
[2024-05-14 22:12:49,860] [DEBUG] [akka.actor.ActorCell] [HomeAutomation-akka.actor.default-dispatcher-10] [akka://HomeAutomation/user/Environment] - Environment Change Sun to SUNNY
[2024-05-14 22:12:49,860] [INFO] [at.fhv.sysarch.lab2.homeautomation.devices.Blinds] [HomeAutomation-akka.actor.default-dispatcher-9] [akka://HomeAutomation/user/blinds] - Blinds got: STORMY
[2024-05-14 22:12:49,860] [DEBUG] [at.fhv.sysarch.lab2.homeautomation.devices.WeightSensor] [HomeAutomation-akka.actor.default-dispatcher-8] [akka://HomeAutomation/user/Fridge/WeightSensor] - Products in fridge weigh 0.0 kg
[2024-05-14 22:12:49,860] [INFO] [at.fhv.sysarch.lab2.homeautomation.devices.Blinds] [HomeAutomation-akka.actor.default-dispatcher-9] [akka://HomeAutomation/user/blinds] - Blinds are closed? false
[2024-05-14 22:12:49,860] [DEBUG] [at.fhv.sysarch.lab2.homeautomation.devices.SpaceSensor] [HomeAutomation-akka.actor.default-dispatcher-10] [akka://HomeAutomation/user/Fridge/SpaceSensor] - Products are taking up 0 space in fridge
[2024-05-14 22:12:49,861] [DEBUG] [akka.actor.ActorCell] [HomeAutomation-akka.actor.default-dispatcher-11] [akka://HomeAutomation/user/Environment] - Environment received 15.550410628318787
[2024-05-14 22:12:51,860] [DEBUG] [akka.actor.ActorCell] [HomeAutomation-akka.actor.default-dispatcher-11] [akka://HomeAutomation/user/Environment] - Environment received 15.244971632957458
[2024-05-14 22:12:53,860] [DEBUG] [akka.actor.ActorCell] [HomeAutomation-akka.actor.default-dispatcher-11] [akka://HomeAutomation/user/Environment] - Environment received 14.442435622215271
[2024-05-14 22:12:54,855] [INFO] [at.fhv.sysarch.lab2.homeautomation.devices.TemperatureSensor] [HomeAutomation-akka.actor.default-dispatcher-12] [akka://HomeAutomation/user/temperatureSensor] - TemperatureSensor received from Environment 14.442435622215271
[2024-05-14 22:12:54,855] [INFO] [at.fhv.sysarch.lab2.homeautomation.devices.WeatherSensor] [HomeAutomation-akka.actor.default-dispatcher-11] [akka://HomeAutomation/user/weatherSensor] - WeatherSensor: SUNNY
[2024-05-14 22:12:54,857] [INFO] [at.fhv.sysarch.lab2.homeautomation.devices.Blinds] [HomeAutomation-akka.actor.default-dispatcher-11] [akka://HomeAutomation/user/blinds] - Blinds got: SUNNY
[2024-05-14 22:12:54,857] [INFO] [at.fhv.sysarch.lab2.homeautomation.devices.AirCondition] [HomeAutomation-akka.actor.default-dispatcher-12] [akka://HomeAutomation/user/AirCondition] - Aircondition reading 14.442435622215271
[2024-05-14 22:12:54,857] [INFO] [at.fhv.sysarch.lab2.homeautomation.devices.Blinds] [HomeAutomation-akka.actor.default-dispatcher-11] [akka://HomeAutomation/user/blinds] - Blinds are closed? true
[2024-05-14 22:12:54,859] [DEBUG] [at.fhv.sysarch.lab2.homeautomation.devices.SpaceSensor] [HomeAutomation-akka.actor.default-dispatcher-5] [akka://HomeAutomation/user/Fridge/SpaceSensor] - Products are taking up 0 space in fridge
[2024-05-14 22:12:54,859] [DEBUG] [at.fhv.sysarch.lab2.homeautomation.devices.WeightSensor] [HomeAutomation-akka.actor.default-dispatcher-12] [akka://HomeAutomation/user/Fridge/WeightSensor] - Products in fridge weigh 0.0 kg
[2024-05-14 22:12:55,870] [DEBUG] [akka.actor.ActorCell] [HomeAutomation-akka.actor.default-dispatcher-12] [akka://HomeAutomation/user/Environment] - Environment received 14.392077803611755
[2024-05-14 22:12:57,868] [DEBUG] [akka.actor.ActorCell] [HomeAutomation-akka.actor.default-dispatcher-12] [akka://HomeAutomation/user/Environment] - Environment received 15.837275624275208
[2024-05-14 22:12:59,849] [DEBUG] [akka.actor.ActorCell] [HomeAutomation-akka.actor.default-dispatcher-12] [akka://HomeAutomation/user/Environment] - Environment received 16.882145047187805
[2024-05-14 22:12:59,850] [INFO] [at.fhv.sysarch.lab2.homeautomation.devices.WeatherSensor] [HomeAutomation-akka.actor.default-dispatcher-5] [akka://HomeAutomation/user/weatherSensor] - WeatherSensor: SUNNY
[2024-05-14 22:12:59,850] [INFO] [at.fhv.sysarch.lab2.homeautomation.devices.TemperatureSensor] [HomeAutomation-akka.actor.default-dispatcher-12] [akka://HomeAutomation/user/temperatureSensor] - TemperatureSensor received from Environment 16.882145047187805
[2024-05-14 22:12:59,851] [INFO] [at.fhv.sysarch.lab2.homeautomation.devices.AirCondition] [HomeAutomation-akka.actor.default-dispatcher-12] [akka://HomeAutomation/user/AirCondition] - Aircondition reading 16.882145047187805
[2024-05-14 22:12:59,851] [INFO] [at.fhv.sysarch.lab2.homeautomation.devices.Blinds] [HomeAutomation-akka.actor.default-dispatcher-5] [akka://HomeAutomation/user/blinds] - Blinds got: SUNNY
[2024-05-14 22:12:59,851] [INFO] [at.fhv.sysarch.lab2.homeautomation.devices.Blinds] [HomeAutomation-akka.actor.default-dispatcher-5] [akka://HomeAutomation/user/blinds] - Blinds are closed? true
[2024-05-14 22:12:59,865] [DEBUG] [at.fhv.sysarch.lab2.homeautomation.devices.WeightSensor] [HomeAutomation-akka.actor.default-dispatcher-7] [akka://HomeAutomation/user/Fridge/WeightSensor] - Products in fridge weigh 0.0 kg
[2024-05-14 22:12:59,865] [DEBUG] [at.fhv.sysarch.lab2.homeautomation.devices.SpaceSensor] [HomeAutomation-akka.actor.default-dispatcher-12] [akka://HomeAutomation/user/Fridge/SpaceSensor] - Products are taking up 0 space in fridge
[2024-05-14 22:12:59,865] [DEBUG] [akka.actor.ActorCell] [HomeAutomation-akka.actor.default-dispatcher-5] [akka://HomeAutomation/user/Environment] - Environment Change Sun to STORMY
[2024-05-14 22:13:01,865] [DEBUG] [akka.actor.ActorCell] [HomeAutomation-akka.actor.default-dispatcher-5] [akka://HomeAutomation/user/Environment] - Environment received 17.30245554447174
[2024-05-14 22:13:03,854] [DEBUG] [akka.actor.ActorCell] [HomeAutomation-akka.actor.default-dispatcher-5] [akka://HomeAutomation/user/Environment] - Environment received 16.461706280708313
[2024-05-14 22:13:04,855] [DEBUG] [at.fhv.sysarch.lab2.homeautomation.devices.SpaceSensor] [HomeAutomation-akka.actor.default-dispatcher-5] [akka://HomeAutomation/user/Fridge/SpaceSensor] - Products are taking up 0 space in fridge
[2024-05-14 22:13:04,858] [DEBUG] [at.fhv.sysarch.lab2.homeautomation.devices.WeightSensor] [HomeAutomation-akka.actor.default-dispatcher-11] [akka://HomeAutomation/user/Fridge/WeightSensor] - Products in fridge weigh 0.0 kg
[2024-05-14 22:13:04,858] [INFO] [at.fhv.sysarch.lab2.homeautomation.devices.WeatherSensor] [HomeAutomation-akka.actor.default-dispatcher-7] [akka://HomeAutomation/user/weatherSensor] - WeatherSensor: STORMY
[2024-05-14 22:13:04,858] [INFO] [at.fhv.sysarch.lab2.homeautomation.devices.TemperatureSensor] [HomeAutomation-akka.actor.default-dispatcher-5] [akka://HomeAutomation/user/temperatureSensor] - TemperatureSensor received from Environment 16.461706280708313
[2024-05-14 22:13:04,859] [INFO] [at.fhv.sysarch.lab2.homeautomation.devices.Blinds] [HomeAutomation-akka.actor.default-dispatcher-11] [akka://HomeAutomation/user/blinds] - Blinds got: STORMY
[2024-05-14 22:13:04,859] [INFO] [at.fhv.sysarch.lab2.homeautomation.devices.AirCondition] [HomeAutomation-akka.actor.default-dispatcher-7] [akka://HomeAutomation/user/AirCondition] - Aircondition reading 16.461706280708313
[2024-05-14 22:13:04,859] [INFO] [at.fhv.sysarch.lab2.homeautomation.devices.Blinds] [HomeAutomation-akka.actor.default-dispatcher-11] [akka://HomeAutomation/user/blinds] - Blinds are closed? false
[2024-05-14 22:13:05,854] [DEBUG] [akka.actor.ActorCell] [HomeAutomation-akka.actor.default-dispatcher-11] [akka://HomeAutomation/user/Environment] - Environment received 17.947540163993835
